<?xml version="1.0" encoding="UTF-8" standalone="yes"?><!DOCTYPE report PUBLIC "-//JACOCO//DTD Report 1.0//EN" "report.dtd"><report name="Asteroids"><sessioninfo id="dhcp-asv-74-1e54fff" start="1524559396136" dump="1524559397257"/><sessioninfo id="dhcp-asv-74-5d758236" start="1524559414359" dump="1524559415376"/><sessioninfo id="dhcp-asv-74-21db8531" start="1524562557201" dump="1524562558341"/><sessioninfo id="dhcp-asv-74-cf734815" start="1524562568963" dump="1524562570039"/><sessioninfo id="dhcp-asv-74-a02d96cf" start="1524562757185" dump="1524562758337"/><sessioninfo id="dhcp-asv-74-5b151dc9" start="1524562800671" dump="1524562801792"/><sessioninfo id="dhcp-asv-74-8962fd00" start="1524563150858" dump="1524563151997"/><package name="logic"><class name="logic/PolygonObject"><method name="&lt;init&gt;" desc="()V" line="6"><counter type="INSTRUCTION" missed="0" covered="3"/><counter type="LINE" missed="0" covered="1"/><counter type="COMPLEXITY" missed="0" covered="1"/><counter type="METHOD" missed="0" covered="1"/></method><method name="translate" desc="(DD)V" line="12"><counter type="INSTRUCTION" missed="0" covered="13"/><counter type="LINE" missed="0" covered="3"/><counter type="COMPLEXITY" missed="0" covered="1"/><counter type="METHOD" missed="0" covered="1"/></method><method name="checkBounds" desc="()V" line="16"><counter type="INSTRUCTION" missed="15" covered="26"/><counter type="BRANCH" missed="3" covered="5"/><counter type="LINE" missed="6" covered="7"/><counter type="COMPLEXITY" missed="3" covered="2"/><counter type="METHOD" missed="0" covered="1"/></method><counter type="INSTRUCTION" missed="15" covered="42"/><counter type="BRANCH" missed="3" covered="5"/><counter type="LINE" missed="6" covered="11"/><counter type="COMPLEXITY" missed="3" covered="4"/><counter type="METHOD" missed="0" covered="3"/><counter type="CLASS" missed="0" covered="1"/></class><class name="logic/Ship"><method name="&lt;init&gt;" desc="(DDD)V" line="12"><counter type="INSTRUCTION" missed="0" covered="86"/><counter type="LINE" missed="0" covered="14"/><counter type="COMPLEXITY" missed="0" covered="1"/><counter type="METHOD" missed="0" covered="1"/></method><method name="accelerate" desc="(D)V" line="28"><counter type="INSTRUCTION" missed="0" covered="33"/><counter type="LINE" missed="0" covered="3"/><counter type="COMPLEXITY" missed="0" covered="1"/><counter type="METHOD" missed="0" covered="1"/></method><method name="rotate" desc="(D)V" line="32"><counter type="INSTRUCTION" missed="12" covered="17"/><counter type="BRANCH" missed="2" covered="2"/><counter type="LINE" missed="2" covered="5"/><counter type="COMPLEXITY" missed="2" covered="1"/><counter type="METHOD" missed="0" covered="1"/></method><method name="spawn" desc="()V" line="42"><counter type="INSTRUCTION" missed="0" covered="16"/><counter type="LINE" missed="0" covered="6"/><counter type="COMPLEXITY" missed="0" covered="1"/><counter type="METHOD" missed="0" covered="1"/></method><counter type="INSTRUCTION" missed="12" covered="152"/><counter type="BRANCH" missed="2" covered="2"/><counter type="LINE" missed="2" covered="28"/><counter type="COMPLEXITY" missed="2" covered="4"/><counter type="METHOD" missed="0" covered="4"/><counter type="CLASS" missed="0" covered="1"/></class><class name="logic/Asteroid"><method name="&lt;init&gt;" desc="(IDDD)V" line="13"><counter type="INSTRUCTION" missed="0" covered="56"/><counter type="LINE" missed="0" covered="11"/><counter type="COMPLEXITY" missed="0" covered="1"/><counter type="METHOD" missed="0" covered="1"/></method><method name="initialize" desc="(I)[Ljava/lang/Double;" line="25"><counter type="INSTRUCTION" missed="0" covered="72"/><counter type="BRANCH" missed="0" covered="2"/><counter type="LINE" missed="0" covered="11"/><counter type="COMPLEXITY" missed="0" covered="2"/><counter type="METHOD" missed="0" covered="1"/></method><counter type="INSTRUCTION" missed="0" covered="128"/><counter type="BRANCH" missed="0" covered="2"/><counter type="LINE" missed="0" covered="22"/><counter type="COMPLEXITY" missed="0" covered="3"/><counter type="METHOD" missed="0" covered="2"/><counter type="CLASS" missed="0" covered="1"/></class><class name="logic/AsteroidField"><method name="&lt;init&gt;" desc="()V" line="10"><counter type="INSTRUCTION" missed="0" covered="11"/><counter type="LINE" missed="0" covered="4"/><counter type="COMPLEXITY" missed="0" covered="1"/><counter type="METHOD" missed="0" covered="1"/></method><method name="spawn" desc="(IDD)V" line="15"><counter type="INSTRUCTION" missed="2" covered="47"/><counter type="BRANCH" missed="1" covered="5"/><counter type="LINE" missed="1" covered="7"/><counter type="COMPLEXITY" missed="1" covered="3"/><counter type="METHOD" missed="0" covered="1"/></method><counter type="INSTRUCTION" missed="2" covered="58"/><counter type="BRANCH" missed="1" covered="5"/><counter type="LINE" missed="1" covered="11"/><counter type="COMPLEXITY" missed="1" covered="4"/><counter type="METHOD" missed="0" covered="2"/><counter type="CLASS" missed="0" covered="1"/></class><class name="logic/Ammo"><method name="&lt;init&gt;" desc="(DDDD)V" line="16"><counter type="INSTRUCTION" missed="0" covered="27"/><counter type="LINE" missed="0" covered="10"/><counter type="COMPLEXITY" missed="0" covered="1"/><counter type="METHOD" missed="0" covered="1"/></method><method name="translate" desc="(DD)V" line="27"><counter type="INSTRUCTION" missed="0" covered="13"/><counter type="LINE" missed="0" covered="3"/><counter type="COMPLEXITY" missed="0" covered="1"/><counter type="METHOD" missed="0" covered="1"/></method><method name="checkBounds" desc="()V" line="31"><counter type="INSTRUCTION" missed="15" covered="26"/><counter type="BRANCH" missed="3" covered="5"/><counter type="LINE" missed="6" covered="7"/><counter type="COMPLEXITY" missed="3" covered="2"/><counter type="METHOD" missed="0" covered="1"/></method><counter type="INSTRUCTION" missed="15" covered="66"/><counter type="BRANCH" missed="3" covered="5"/><counter type="LINE" missed="6" covered="20"/><counter type="COMPLEXITY" missed="3" covered="4"/><counter type="METHOD" missed="0" covered="3"/><counter type="CLASS" missed="0" covered="1"/></class><sourcefile name="Asteroid.java"><line nr="13" mi="0" ci="2" mb="0" cb="0"/><line nr="14" mi="0" ci="3" mb="0" cb="0"/><line nr="15" mi="0" ci="5" mb="0" cb="0"/><line nr="16" mi="0" ci="3" mb="0" cb="0"/><line nr="17" mi="0" ci="3" mb="0" cb="0"/><line nr="18" mi="0" ci="3" mb="0" cb="0"/><line nr="19" mi="0" ci="3" mb="0" cb="0"/><line nr="20" mi="0" ci="13" mb="0" cb="0"/><line nr="21" mi="0" ci="13" mb="0" cb="0"/><line nr="22" mi="0" ci="7" mb="0" cb="0"/><line nr="23" mi="0" ci="1" mb="0" cb="0"/><line nr="25" mi="0" ci="5" mb="0" cb="0"/><line nr="26" mi="0" ci="7" mb="0" cb="0"/><line nr="27" mi="0" ci="2" mb="0" cb="0"/><line nr="28" mi="0" ci="2" mb="0" cb="0"/><line nr="29" mi="0" ci="5" mb="0" cb="0"/><line nr="30" mi="0" ci="11" mb="0" cb="2"/><line nr="31" mi="0" ci="8" mb="0" cb="0"/><line nr="32" mi="0" ci="12" mb="0" cb="0"/><line nr="33" mi="0" ci="8" mb="0" cb="0"/><line nr="34" mi="0" ci="10" mb="0" cb="0"/><line nr="36" mi="0" ci="2" mb="0" cb="0"/><counter type="INSTRUCTION" missed="0" covered="128"/><counter type="BRANCH" missed="0" covered="2"/><counter type="LINE" missed="0" covered="22"/><counter type="COMPLEXITY" missed="0" covered="3"/><counter type="METHOD" missed="0" covered="2"/><counter type="CLASS" missed="0" covered="1"/></sourcefile><sourcefile name="AsteroidField.java"><line nr="10" mi="0" ci="2" mb="0" cb="0"/><line nr="11" mi="0" ci="3" mb="0" cb="0"/><line nr="12" mi="0" ci="5" mb="0" cb="0"/><line nr="13" mi="0" ci="1" mb="0" cb="0"/><line nr="15" mi="0" ci="7" mb="0" cb="2"/><line nr="16" mi="0" ci="6" mb="0" cb="0"/><line nr="17" mi="0" ci="6" mb="0" cb="0"/><line nr="18" mi="0" ci="14" mb="1" cb="3"/><line nr="19" mi="2" ci="0" mb="0" cb="0"/><line nr="21" mi="0" ci="10" mb="0" cb="0"/><line nr="24" mi="0" ci="3" mb="0" cb="0"/><line nr="25" mi="0" ci="1" mb="0" cb="0"/><counter type="INSTRUCTION" missed="2" covered="58"/><counter type="BRANCH" missed="1" covered="5"/><counter type="LINE" missed="1" covered="11"/><counter type="COMPLEXITY" missed="1" covered="4"/><counter type="METHOD" missed="0" covered="2"/><counter type="CLASS" missed="0" covered="1"/></sourcefile><sourcefile name="Ammo.java"><line nr="16" mi="0" ci="2" mb="0" cb="0"/><line nr="17" mi="0" ci="3" mb="0" cb="0"/><line nr="18" mi="0" ci="3" mb="0" cb="0"/><line nr="19" mi="0" ci="3" mb="0" cb="0"/><line nr="20" mi="0" ci="3" mb="0" cb="0"/><line nr="21" mi="0" ci="3" mb="0" cb="0"/><line nr="22" mi="0" ci="3" mb="0" cb="0"/><line nr="23" mi="0" ci="3" mb="0" cb="0"/><line nr="24" mi="0" ci="3" mb="0" cb="0"/><line nr="25" mi="0" ci="1" mb="0" cb="0"/><line nr="27" mi="0" ci="6" mb="0" cb="0"/><line nr="28" mi="0" ci="6" mb="0" cb="0"/><line nr="29" mi="0" ci="1" mb="0" cb="0"/><line nr="31" mi="0" ci="5" mb="0" cb="2"/><line nr="32" mi="0" ci="4" mb="0" cb="0"/><line nr="33" mi="0" ci="1" mb="0" cb="0"/><line nr="35" mi="0" ci="5" mb="1" cb="1"/><line nr="36" mi="4" ci="0" mb="0" cb="0"/><line nr="37" mi="1" ci="0" mb="0" cb="0"/><line nr="39" mi="0" ci="5" mb="1" cb="1"/><line nr="40" mi="4" ci="0" mb="0" cb="0"/><line nr="41" mi="1" ci="0" mb="0" cb="0"/><line nr="43" mi="0" ci="5" mb="1" cb="1"/><line nr="44" mi="4" ci="0" mb="0" cb="0"/><line nr="45" mi="1" ci="0" mb="0" cb="0"/><line nr="47" mi="0" ci="1" mb="0" cb="0"/><counter type="INSTRUCTION" missed="15" covered="66"/><counter type="BRANCH" missed="3" covered="5"/><counter type="LINE" missed="6" covered="20"/><counter type="COMPLEXITY" missed="3" covered="4"/><counter type="METHOD" missed="0" covered="3"/><counter type="CLASS" missed="0" covered="1"/></sourcefile><sourcefile name="PolygonObject.java"><line nr="6" mi="0" ci="3" mb="0" cb="0"/><line nr="12" mi="0" ci="6" mb="0" cb="0"/><line nr="13" mi="0" ci="6" mb="0" cb="0"/><line nr="14" mi="0" ci="1" mb="0" cb="0"/><line nr="16" mi="0" ci="5" mb="0" cb="2"/><line nr="17" mi="0" ci="4" mb="0" cb="0"/><line nr="18" mi="0" ci="1" mb="0" cb="0"/><line nr="20" mi="0" ci="5" mb="1" cb="1"/><line nr="21" mi="4" ci="0" mb="0" cb="0"/><line nr="22" mi="1" ci="0" mb="0" cb="0"/><line nr="24" mi="0" ci="5" mb="1" cb="1"/><line nr="25" mi="4" ci="0" mb="0" cb="0"/><line nr="26" mi="1" ci="0" mb="0" cb="0"/><line nr="28" mi="0" ci="5" mb="1" cb="1"/><line nr="29" mi="4" ci="0" mb="0" cb="0"/><line nr="30" mi="1" ci="0" mb="0" cb="0"/><line nr="32" mi="0" ci="1" mb="0" cb="0"/><counter type="INSTRUCTION" missed="15" covered="42"/><counter type="BRANCH" missed="3" covered="5"/><counter type="LINE" missed="6" covered="11"/><counter type="COMPLEXITY" missed="3" covered="4"/><counter type="METHOD" missed="0" covered="3"/><counter type="CLASS" missed="0" covered="1"/></sourcefile><sourcefile name="Ship.java"><line nr="12" mi="0" ci="2" mb="0" cb="0"/><line nr="13" mi="0" ci="3" mb="0" cb="0"/><line nr="14" mi="0" ci="3" mb="0" cb="0"/><line nr="15" mi="0" ci="3" mb="0" cb="0"/><line nr="16" mi="0" ci="3" mb="0" cb="0"/><line nr="17" mi="0" ci="3" mb="0" cb="0"/><line nr="18" mi="0" ci="11" mb="0" cb="0"/><line nr="19" mi="0" ci="13" mb="0" cb="0"/><line nr="20" mi="0" ci="16" mb="0" cb="0"/><line nr="21" mi="0" ci="13" mb="0" cb="0"/><line nr="22" mi="0" ci="9" mb="0" cb="0"/><line nr="24" mi="0" ci="3" mb="0" cb="0"/><line nr="25" mi="0" ci="3" mb="0" cb="0"/><line nr="26" mi="0" ci="1" mb="0" cb="0"/><line nr="28" mi="0" ci="16" mb="0" cb="0"/><line nr="29" mi="0" ci="16" mb="0" cb="0"/><line nr="30" mi="0" ci="1" mb="0" cb="0"/><line nr="32" mi="0" ci="5" mb="0" cb="0"/><line nr="33" mi="0" ci="4" mb="1" cb="1"/><line nr="34" mi="6" ci="0" mb="0" cb="0"/><line nr="35" mi="0" ci="4" mb="1" cb="1"/><line nr="36" mi="6" ci="0" mb="0" cb="0"/><line nr="38" mi="0" ci="3" mb="0" cb="0"/><line nr="40" mi="0" ci="1" mb="0" cb="0"/><line nr="42" mi="0" ci="3" mb="0" cb="0"/><line nr="43" mi="0" ci="3" mb="0" cb="0"/><line nr="44" mi="0" ci="3" mb="0" cb="0"/><line nr="45" mi="0" ci="3" mb="0" cb="0"/><line nr="46" mi="0" ci="3" mb="0" cb="0"/><line nr="47" mi="0" ci="1" mb="0" cb="0"/><counter type="INSTRUCTION" missed="12" covered="152"/><counter type="BRANCH" missed="2" covered="2"/><counter type="LINE" missed="2" covered="28"/><counter type="COMPLEXITY" missed="2" covered="4"/><counter type="METHOD" missed="0" covered="4"/><counter type="CLASS" missed="0" covered="1"/></sourcefile><counter type="INSTRUCTION" missed="44" covered="446"/><counter type="BRANCH" missed="9" covered="19"/><counter type="LINE" missed="15" covered="92"/><counter type="COMPLEXITY" missed="9" covered="19"/><counter type="METHOD" missed="0" covered="14"/><counter type="CLASS" missed="0" covered="5"/></package><counter type="INSTRUCTION" missed="44" covered="446"/><counter type="BRANCH" missed="9" covered="19"/><counter type="LINE" missed="15" covered="92"/><counter type="COMPLEXITY" missed="9" covered="19"/><counter type="METHOD" missed="0" covered="14"/><counter type="CLASS" missed="0" covered="5"/></report>